# JRE version: OpenJDK Runtime Environment (8.0_202-b03) (build 1.8.0_202-release-1483-b03)
# Java VM: OpenJDK 64-Bit Server VM (25.202-b03 mixed mode windows-amd64 compressed oops)
Heap:
 PSYoungGen      total 169984K, used 64739K [0x00000000e0000000, 0x00000000f0900000, 0x0000000100000000)
  eden space 156672K, 32% used [0x00000000e0000000,0x00000000e323aa98,0x00000000e9900000)
  from space 13312K, 99% used [0x00000000e9900000,0x00000000ea5fe318,0x00000000ea600000)
  to   space 17408K, 0% used [0x00000000ef800000,0x00000000ef800000,0x00000000f0900000)
 ParOldGen       total 151552K, used 21914K [0x00000000a0000000, 0x00000000a9400000, 0x00000000e0000000)
  object space 151552K, 14% used [0x00000000a0000000,0x00000000a1566b18,0x00000000a9400000)
 Metaspace       used 51966K, capacity 53256K, committed 53464K, reserved 1095680K
  class space    used 7009K, capacity 7367K, committed 7424K, reserved 1048576K
GC Heap History (10 events):
Event: 3.304 GC heap before
{Heap before GC invocations=5 (full 1):
 PSYoungGen      total 76288K, used 65536K [0x00000000e0000000, 0x00000000e9500000, 0x0000000100000000)
  eden space 65536K, 100% used [0x00000000e0000000,0x00000000e4000000,0x00000000e4000000)
  from space 10752K, 0% used [0x00000000e4000000,0x00000000e4000000,0x00000000e4a80000)
  to   space 10752K, 0% used [0x00000000e8a80000,0x00000000e8a80000,0x00000000e9500000)
 ParOldGen       total 104448K, used 10955K [0x00000000a0000000, 0x00000000a6600000, 0x00000000e0000000)
  object space 104448K, 10% used [0x00000000a0000000,0x00000000a0ab2e68,0x00000000a6600000)
 Metaspace       used 28589K, capacity 29008K, committed 29440K, reserved 1075200K
  class space    used 3854K, capacity 4015K, committed 4096K, reserved 1048576K
Event: 3.311 GC heap after
Heap after GC invocations=5 (full 1):
 PSYoungGen      total 109568K, used 7610K [0x00000000e0000000, 0x00000000e9200000, 0x0000000100000000)
  eden space 101888K, 0% used [0x00000000e0000000,0x00000000e0000000,0x00000000e6380000)
  from space 7680K, 99% used [0x00000000e8a80000,0x00000000e91ee830,0x00000000e9200000)
  to   space 10752K, 0% used [0x00000000e7d00000,0x00000000e7d00000,0x00000000e8780000)
 ParOldGen       total 104448K, used 10963K [0x00000000a0000000, 0x00000000a6600000, 0x00000000e0000000)
  object space 104448K, 10% used [0x00000000a0000000,0x00000000a0ab4e68,0x00000000a6600000)
 Metaspace       used 28589K, capacity 29008K, committed 29440K, reserved 1075200K
  class space    used 3854K, capacity 4015K, committed 4096K, reserved 1048576K
}
Event: 4.405 GC heap before
{Heap before GC invocations=6 (full 1):
 PSYoungGen      total 109568K, used 109498K [0x00000000e0000000, 0x00000000e9200000, 0x0000000100000000)
  eden space 101888K, 100% used [0x00000000e0000000,0x00000000e6380000,0x00000000e6380000)
  from space 7680K, 99% used [0x00000000e8a80000,0x00000000e91ee830,0x00000000e9200000)
  to   space 10752K, 0% used [0x00000000e7d00000,0x00000000e7d00000,0x00000000e8780000)
 ParOldGen       total 104448K, used 10963K [0x00000000a0000000, 0x00000000a6600000, 0x00000000e0000000)
  object space 104448K, 10% used [0x00000000a0000000,0x00000000a0ab4e68,0x00000000a6600000)
 Metaspace       used 33771K, capacity 34374K, committed 34560K, reserved 1079296K
  class space    used 4630K, capacity 4788K, committed 4864K, reserved 1048576K
Event: 4.419 GC heap after
Heap after GC invocations=6 (full 1):
 PSYoungGen      total 138752K, used 10737K [0x00000000e0000000, 0x00000000eb380000, 0x0000000100000000)
  eden space 128000K, 0% used [0x00000000e0000000,0x00000000e0000000,0x00000000e7d00000)
  from space 10752K, 99% used [0x00000000e7d00000,0x00000000e877c668,0x00000000e8780000)
  to   space 13824K, 0% used [0x00000000ea600000,0x00000000ea600000,0x00000000eb380000)
 ParOldGen       total 104448K, used 11830K [0x00000000a0000000, 0x00000000a6600000, 0x00000000e0000000)
  object space 104448K, 11% used [0x00000000a0000000,0x00000000a0b8db20,0x00000000a6600000)
 Metaspace       used 33771K, capacity 34374K, committed 34560K, reserved 1079296K
  class space    used 4630K, capacity 4788K, committed 4864K, reserved 1048576K
}
Event: 4.780 GC heap before
{Heap before GC invocations=7 (full 1):
 PSYoungGen      total 138752K, used 31854K [0x00000000e0000000, 0x00000000eb380000, 0x0000000100000000)
  eden space 128000K, 16% used [0x00000000e0000000,0x00000000e149f348,0x00000000e7d00000)
  from space 10752K, 99% used [0x00000000e7d00000,0x00000000e877c668,0x00000000e8780000)
  to   space 13824K, 0% used [0x00000000ea600000,0x00000000ea600000,0x00000000eb380000)
 ParOldGen       total 104448K, used 11830K [0x00000000a0000000, 0x00000000a6600000, 0x00000000e0000000)
  object space 104448K, 11% used [0x00000000a0000000,0x00000000a0b8db20,0x00000000a6600000)
 Metaspace       used 34617K, capacity 35274K, committed 35416K, reserved 1079296K
  class space    used 4744K, capacity 4938K, committed 4992K, reserved 1048576K
Event: 4.801 GC heap after
Heap after GC invocations=7 (full 1):
 PSYoungGen      total 170496K, used 8949K [0x00000000e0000000, 0x00000000ee600000, 0x0000000100000000)
  eden space 156672K, 0% used [0x00000000e0000000,0x00000000e0000000,0x00000000e9900000)
  from space 13824K, 64% used [0x00000000ea600000,0x00000000eaebd628,0x00000000eb380000)
  to   space 13312K, 0% used [0x00000000e9900000,0x00000000e9900000,0x00000000ea600000)
 ParOldGen       total 104448K, used 11838K [0x00000000a0000000, 0x00000000a6600000, 0x00000000e0000000)
  object space 104448K, 11% used [0x00000000a0000000,0x00000000a0b8fb20,0x00000000a6600000)
 Metaspace       used 34617K, capacity 35274K, committed 35416K, reserved 1079296K
  class space    used 4744K, capacity 4938K, committed 4992K, reserved 1048576K
}
Event: 4.801 GC heap before
{Heap before GC invocations=8 (full 2):
 PSYoungGen      total 170496K, used 8949K [0x00000000e0000000, 0x00000000ee600000, 0x0000000100000000)
  eden space 156672K, 0% used [0x00000000e0000000,0x00000000e0000000,0x00000000e9900000)
  from space 13824K, 64% used [0x00000000ea600000,0x00000000eaebd628,0x00000000eb380000)
  to   space 13312K, 0% used [0x00000000e9900000,0x00000000e9900000,0x00000000ea600000)
 ParOldGen       total 104448K, used 11838K [0x00000000a0000000, 0x00000000a6600000, 0x00000000e0000000)
  object space 104448K, 11% used [0x00000000a0000000,0x00000000a0b8fb20,0x00000000a6600000)
 Metaspace       used 34617K, capacity 35274K, committed 35416K, reserved 1079296K
  class space    used 4744K, capacity 4938K, committed 4992K, reserved 1048576K
Event: 4.867 GC heap after
Heap after GC invocations=8 (full 2):
 PSYoungGen      total 170496K, used 0K [0x00000000e0000000, 0x00000000ee600000, 0x0000000100000000)
  eden space 156672K, 0% used [0x00000000e0000000,0x00000000e0000000,0x00000000e9900000)
  from space 13824K, 0% used [0x00000000ea600000,0x00000000ea600000,0x00000000eb380000)
  to   space 13312K, 0% used [0x00000000e9900000,0x00000000e9900000,0x00000000ea600000)
 ParOldGen       total 151552K, used 16356K [0x00000000a0000000, 0x00000000a9400000, 0x00000000e0000000)
  object space 151552K, 10% used [0x00000000a0000000,0x00000000a0ff90a0,0x00000000a9400000)
 Metaspace       used 34615K, capacity 35268K, committed 35416K, reserved 1079296K
  class space    used 4743K, capacity 4937K, committed 4992K, reserved 1048576K
}
Event: 6.818 GC heap before
{Heap before GC invocations=9 (full 2):
 PSYoungGen      total 170496K, used 156672K [0x00000000e0000000, 0x00000000ee600000, 0x0000000100000000)
  eden space 156672K, 100% used [0x00000000e0000000,0x00000000e9900000,0x00000000e9900000)
  from space 13824K, 0% used [0x00000000ea600000,0x00000000ea600000,0x00000000eb380000)
  to   space 13312K, 0% used [0x00000000e9900000,0x00000000e9900000,0x00000000ea600000)
 ParOldGen       total 151552K, used 16356K [0x00000000a0000000, 0x00000000a9400000, 0x00000000e0000000)
  object space 151552K, 10% used [0x00000000a0000000,0x00000000a0ff90a0,0x00000000a9400000)
 Metaspace       used 48244K, capacity 49420K, committed 49496K, reserved 1091584K
  class space    used 6465K, capacity 6773K, committed 6784K, reserved 1048576K
Event: 6.834 GC heap after
Heap after GC invocations=9 (full 2):
 PSYoungGen      total 169984K, used 13304K [0x00000000e0000000, 0x00000000f0900000, 0x0000000100000000)
  eden space 156672K, 0% used [0x00000000e0000000,0x00000000e0000000,0x00000000e9900000)
  from space 13312K, 99% used [0x00000000e9900000,0x00000000ea5fe318,0x00000000ea600000)
  to   space 17408K, 0% used [0x00000000ef800000,0x00000000ef800000,0x00000000f0900000)
 ParOldGen       total 151552K, used 21914K [0x00000000a0000000, 0x00000000a9400000, 0x00000000e0000000)
  object space 151552K, 14% used [0x00000000a0000000,0x00000000a1566b18,0x00000000a9400000)
 Metaspace       used 48244K, capacity 49420K, committed 49496K, reserved 1091584K
  class space    used 6465K, capacity 6773K, committed 6784K, reserved 1048576K
}

